07/25/2022 15:50:21 INICIANDO...
07/25/2022 15:50:21 2.8.3.2
07/25/2022 15:50:21 Usuário: juliana(Administrador)
07/25/2022 15:50:21 Versão do Sistema Operacional: 6.2.9200
07/25/2022 15:50:21 64 Bits: true
07/25/2022 15:50:21 Versão do Firefox.  ( 0.7 )
07/25/2022 15:50:21 UAC: Ativado
07/25/2022 15:50:21 Verificando se Firefox está instalado...
07/25/2022 15:50:21 Firefox não instalado.
07/25/2022 15:50:21 [Verificando Ambiente] Verificando...
07/25/2022 15:50:21 [Verificando Ambiente] Ativando Transport Layer Security (TLS)
07/25/2022 15:50:21 [Verificando Ambiente] Ok.
07/25/2022 15:50:21 [Arquivo hosts] Verificando...
07/25/2022 15:50:21 [Arquivo hosts] Ok.
07/25/2022 15:50:21 [Instalação de certificados raiz] Verificando...
07/25/2022 15:50:21 [Instalação de certificados raiz] Efetuando download do instalador...
07/25/2022 15:50:23 [Instalação de certificados raiz] Instalando...
07/25/2022 15:50:23 [Instalação de certificados raiz] Ok.
07/25/2022 15:50:23 [Terminal Services] Verificando...
07/25/2022 15:50:23 [Terminal Services] Ok.
07/25/2022 15:50:23 [Limpeza do cache IE] Verificando...
07/25/2022 15:50:23 [Limpeza do cache IE] Limpando...
07/25/2022 15:50:23 [Limpeza do cache IE] Ok.
07/25/2022 15:50:23 [Instalando Módulo de Segurança] Verificando...
07/25/2022 15:50:23 [Instalando Módulo de Segurança] Efetuando download do instalador...
07/25/2022 15:50:28 [Instalando Módulo de Segurança] Instalando...
07/25/2022 15:50:39 [Instalando Módulo de Segurança] Ok.
07/25/2022 15:50:39 [Configurações do Módulo de Segurança] Verificando...
07/25/2022 15:50:39 [Configurações do Módulo de Segurança] Ok.
07/25/2022 15:50:39 [Instalando configurações da CAIXA] Verificando...
07/25/2022 15:50:48 [Instalando configurações da CAIXA] Ok.
07/25/2022 15:50:48 [Ajustando ambiente] Verificando...
07/25/2022 15:50:48 [Ajustando ambiente] Ok.
07/25/2022 15:50:48 [Atualizando listas] Verificando...
07/25/2022 15:50:48 [Atualizando listas] Ok.
07/25/2022 15:50:48 [Concluindo execucao] Verificando...
07/25/2022 15:50:51 [Concluindo execucao] CONCLUÍDO.
07/25/2022 15:50:51 CONCLUÍDO.
